mode: set
github.com/kevin07696/payment-service/internal/adapters/north/ach_adapter.go:28.117,35.2 1 1
github.com/kevin07696/payment-service/internal/adapters/north/ach_adapter.go:52.118,53.56 1 1
github.com/kevin07696/payment-service/internal/adapters/north/ach_adapter.go:53.56,55.3 1 1
github.com/kevin07696/payment-service/internal/adapters/north/ach_adapter.go:58.2,59.21 2 1
github.com/kevin07696/payment-service/internal/adapters/north/ach_adapter.go:59.21,61.3 1 1
github.com/kevin07696/payment-service/internal/adapters/north/ach_adapter.go:64.2,65.50 2 1
github.com/kevin07696/payment-service/internal/adapters/north/ach_adapter.go:65.50,67.3 1 1
github.com/kevin07696/payment-service/internal/adapters/north/ach_adapter.go:70.2,84.37 13 1
github.com/kevin07696/payment-service/internal/adapters/north/ach_adapter.go:84.37,86.3 1 1
github.com/kevin07696/payment-service/internal/adapters/north/ach_adapter.go:87.2,87.36 1 1
github.com/kevin07696/payment-service/internal/adapters/north/ach_adapter.go:87.36,89.3 1 1
github.com/kevin07696/payment-service/internal/adapters/north/ach_adapter.go:90.2,90.35 1 1
github.com/kevin07696/payment-service/internal/adapters/north/ach_adapter.go:90.35,92.3 1 1
github.com/kevin07696/payment-service/internal/adapters/north/ach_adapter.go:93.2,93.32 1 1
github.com/kevin07696/payment-service/internal/adapters/north/ach_adapter.go:93.32,95.3 1 1
github.com/kevin07696/payment-service/internal/adapters/north/ach_adapter.go:96.2,96.33 1 1
github.com/kevin07696/payment-service/internal/adapters/north/ach_adapter.go:96.33,98.3 1 1
github.com/kevin07696/payment-service/internal/adapters/north/ach_adapter.go:99.2,99.35 1 1
github.com/kevin07696/payment-service/internal/adapters/north/ach_adapter.go:99.35,101.3 1 1
github.com/kevin07696/payment-service/internal/adapters/north/ach_adapter.go:104.2,104.23 1 1
github.com/kevin07696/payment-service/internal/adapters/north/ach_adapter.go:104.23,106.3 1 1
github.com/kevin07696/payment-service/internal/adapters/north/ach_adapter.go:109.2,109.28 1 1
github.com/kevin07696/payment-service/internal/adapters/north/ach_adapter.go:109.28,111.3 1 1
github.com/kevin07696/payment-service/internal/adapters/north/ach_adapter.go:113.2,114.16 2 1
github.com/kevin07696/payment-service/internal/adapters/north/ach_adapter.go:114.16,116.3 1 1
github.com/kevin07696/payment-service/internal/adapters/north/ach_adapter.go:119.2,126.25 6 1
github.com/kevin07696/payment-service/internal/adapters/north/ach_adapter.go:126.25,128.3 1 1
github.com/kevin07696/payment-service/internal/adapters/north/ach_adapter.go:130.2,138.8 1 1
github.com/kevin07696/payment-service/internal/adapters/north/ach_adapter.go:142.133,144.21 2 1
github.com/kevin07696/payment-service/internal/adapters/north/ach_adapter.go:144.21,146.3 1 0
github.com/kevin07696/payment-service/internal/adapters/north/ach_adapter.go:149.2,164.16 14 1
github.com/kevin07696/payment-service/internal/adapters/north/ach_adapter.go:164.16,166.3 1 0
github.com/kevin07696/payment-service/internal/adapters/north/ach_adapter.go:168.2,173.25 5 1
github.com/kevin07696/payment-service/internal/adapters/north/ach_adapter.go:173.25,175.3 1 0
github.com/kevin07696/payment-service/internal/adapters/north/ach_adapter.go:177.2,185.8 1 1
github.com/kevin07696/payment-service/internal/adapters/north/ach_adapter.go:189.139,194.60 1 1
github.com/kevin07696/payment-service/internal/adapters/north/ach_adapter.go:194.60,200.3 1 1
github.com/kevin07696/payment-service/internal/adapters/north/ach_adapter.go:202.2,202.29 1 1
github.com/kevin07696/payment-service/internal/adapters/north/ach_adapter.go:202.29,208.3 1 1
github.com/kevin07696/payment-service/internal/adapters/north/ach_adapter.go:212.2,216.8 1 1
github.com/kevin07696/payment-service/internal/adapters/north/ach_adapter.go:220.98,221.21 1 1
github.com/kevin07696/payment-service/internal/adapters/north/ach_adapter.go:221.21,226.3 1 1
github.com/kevin07696/payment-service/internal/adapters/north/ach_adapter.go:229.2,230.16 2 1
github.com/kevin07696/payment-service/internal/adapters/north/ach_adapter.go:230.16,232.3 1 0
github.com/kevin07696/payment-service/internal/adapters/north/ach_adapter.go:234.2,238.16 3 1
github.com/kevin07696/payment-service/internal/adapters/north/ach_adapter.go:238.16,240.3 1 1
github.com/kevin07696/payment-service/internal/adapters/north/ach_adapter.go:241.2,245.16 3 1
github.com/kevin07696/payment-service/internal/adapters/north/ach_adapter.go:245.16,247.3 1 0
github.com/kevin07696/payment-service/internal/adapters/north/ach_adapter.go:249.2,249.32 1 1
github.com/kevin07696/payment-service/internal/adapters/north/ach_adapter.go:249.32,251.3 1 0
github.com/kevin07696/payment-service/internal/adapters/north/ach_adapter.go:253.2,253.32 1 1
github.com/kevin07696/payment-service/internal/adapters/north/ach_adapter.go:253.32,255.3 1 0
github.com/kevin07696/payment-service/internal/adapters/north/ach_adapter.go:258.2,259.51 2 1
github.com/kevin07696/payment-service/internal/adapters/north/ach_adapter.go:259.51,261.3 1 0
github.com/kevin07696/payment-service/internal/adapters/north/ach_adapter.go:263.2,263.19 1 1
github.com/kevin07696/payment-service/internal/adapters/north/ach_adapter.go:267.74,268.43 1 1
github.com/kevin07696/payment-service/internal/adapters/north/ach_adapter.go:268.43,269.23 1 1
github.com/kevin07696/payment-service/internal/adapters/north/ach_adapter.go:269.23,271.4 1 1
github.com/kevin07696/payment-service/internal/adapters/north/ach_adapter.go:273.2,273.11 1 1
github.com/kevin07696/payment-service/internal/adapters/north/auth.go:17.78,27.2 4 1
github.com/kevin07696/payment-service/internal/adapters/north/auth.go:30.93,33.2 2 1
github.com/kevin07696/payment-service/internal/adapters/north/custom_pay_adapter.go:26.129,33.2 1 1
github.com/kevin07696/payment-service/internal/adapters/north/custom_pay_adapter.go:36.112,45.2 1 0
github.com/kevin07696/payment-service/internal/adapters/north/custom_pay_adapter.go:71.118,72.21 1 1
github.com/kevin07696/payment-service/internal/adapters/north/custom_pay_adapter.go:72.21,74.3 1 1
github.com/kevin07696/payment-service/internal/adapters/north/custom_pay_adapter.go:76.2,91.76 5 1
github.com/kevin07696/payment-service/internal/adapters/north/custom_pay_adapter.go:91.76,93.3 1 1
github.com/kevin07696/payment-service/internal/adapters/north/custom_pay_adapter.go:96.2,97.25 2 1
github.com/kevin07696/payment-service/internal/adapters/north/custom_pay_adapter.go:97.25,99.3 1 1
github.com/kevin07696/payment-service/internal/adapters/north/custom_pay_adapter.go:101.2,102.17 2 1
github.com/kevin07696/payment-service/internal/adapters/north/custom_pay_adapter.go:102.17,104.3 1 1
github.com/kevin07696/payment-service/internal/adapters/north/custom_pay_adapter.go:106.2,115.8 1 1
github.com/kevin07696/payment-service/internal/adapters/north/custom_pay_adapter.go:119.114,130.75 4 1
github.com/kevin07696/payment-service/internal/adapters/north/custom_pay_adapter.go:130.75,132.3 1 0
github.com/kevin07696/payment-service/internal/adapters/north/custom_pay_adapter.go:134.2,135.25 2 1
github.com/kevin07696/payment-service/internal/adapters/north/custom_pay_adapter.go:135.25,137.3 1 0
github.com/kevin07696/payment-service/internal/adapters/north/custom_pay_adapter.go:139.2,148.8 1 1
github.com/kevin07696/payment-service/internal/adapters/north/custom_pay_adapter.go:152.106,162.75 4 1
github.com/kevin07696/payment-service/internal/adapters/north/custom_pay_adapter.go:162.75,164.3 1 0
github.com/kevin07696/payment-service/internal/adapters/north/custom_pay_adapter.go:166.2,167.25 2 1
github.com/kevin07696/payment-service/internal/adapters/north/custom_pay_adapter.go:167.25,169.3 1 0
github.com/kevin07696/payment-service/internal/adapters/north/custom_pay_adapter.go:171.2,178.8 1 1
github.com/kevin07696/payment-service/internal/adapters/north/custom_pay_adapter.go:182.112,194.76 4 1
github.com/kevin07696/payment-service/internal/adapters/north/custom_pay_adapter.go:194.76,196.3 1 0
github.com/kevin07696/payment-service/internal/adapters/north/custom_pay_adapter.go:198.2,199.25 2 1
github.com/kevin07696/payment-service/internal/adapters/north/custom_pay_adapter.go:199.25,201.3 1 0
github.com/kevin07696/payment-service/internal/adapters/north/custom_pay_adapter.go:203.2,211.8 1 1
github.com/kevin07696/payment-service/internal/adapters/north/custom_pay_adapter.go:215.131,225.76 4 1
github.com/kevin07696/payment-service/internal/adapters/north/custom_pay_adapter.go:225.76,227.3 1 0
github.com/kevin07696/payment-service/internal/adapters/north/custom_pay_adapter.go:229.2,235.8 2 1
github.com/kevin07696/payment-service/internal/adapters/north/custom_pay_adapter.go:239.135,242.16 2 1
github.com/kevin07696/payment-service/internal/adapters/north/custom_pay_adapter.go:242.16,244.3 1 0
github.com/kevin07696/payment-service/internal/adapters/north/custom_pay_adapter.go:247.2,252.16 4 1
github.com/kevin07696/payment-service/internal/adapters/north/custom_pay_adapter.go:252.16,254.3 1 0
github.com/kevin07696/payment-service/internal/adapters/north/custom_pay_adapter.go:257.2,262.21 4 1
github.com/kevin07696/payment-service/internal/adapters/north/custom_pay_adapter.go:262.21,267.3 1 1
github.com/kevin07696/payment-service/internal/adapters/north/custom_pay_adapter.go:270.2,271.16 2 1
github.com/kevin07696/payment-service/internal/adapters/north/custom_pay_adapter.go:271.16,273.3 1 1
github.com/kevin07696/payment-service/internal/adapters/north/custom_pay_adapter.go:274.2,278.16 3 1
github.com/kevin07696/payment-service/internal/adapters/north/custom_pay_adapter.go:278.16,280.3 1 0
github.com/kevin07696/payment-service/internal/adapters/north/custom_pay_adapter.go:283.2,283.32 1 1
github.com/kevin07696/payment-service/internal/adapters/north/custom_pay_adapter.go:283.32,285.3 1 1
github.com/kevin07696/payment-service/internal/adapters/north/custom_pay_adapter.go:287.2,287.32 1 1
github.com/kevin07696/payment-service/internal/adapters/north/custom_pay_adapter.go:287.32,289.3 1 1
github.com/kevin07696/payment-service/internal/adapters/north/custom_pay_adapter.go:292.2,292.55 1 1
github.com/kevin07696/payment-service/internal/adapters/north/custom_pay_adapter.go:292.55,294.3 1 0
github.com/kevin07696/payment-service/internal/adapters/north/custom_pay_adapter.go:296.2,296.12 1 1
github.com/kevin07696/payment-service/internal/adapters/north/recurring_billing_adapter.go:27.143,34.2 1 1
github.com/kevin07696/payment-service/internal/adapters/north/recurring_billing_adapter.go:72.142,73.28 1 1
github.com/kevin07696/payment-service/internal/adapters/north/recurring_billing_adapter.go:73.28,75.3 1 1
github.com/kevin07696/payment-service/internal/adapters/north/recurring_billing_adapter.go:77.2,101.76 15 1
github.com/kevin07696/payment-service/internal/adapters/north/recurring_billing_adapter.go:101.76,103.3 1 1
github.com/kevin07696/payment-service/internal/adapters/north/recurring_billing_adapter.go:106.2,106.50 1 1
github.com/kevin07696/payment-service/internal/adapters/north/recurring_billing_adapter.go:106.50,109.3 2 1
github.com/kevin07696/payment-service/internal/adapters/north/recurring_billing_adapter.go:111.2,121.8 2 1
github.com/kevin07696/payment-service/internal/adapters/north/recurring_billing_adapter.go:125.171,130.23 3 1
github.com/kevin07696/payment-service/internal/adapters/north/recurring_billing_adapter.go:130.23,132.3 1 1
github.com/kevin07696/payment-service/internal/adapters/north/recurring_billing_adapter.go:133.2,133.26 1 1
github.com/kevin07696/payment-service/internal/adapters/north/recurring_billing_adapter.go:133.26,135.3 1 1
github.com/kevin07696/payment-service/internal/adapters/north/recurring_billing_adapter.go:136.2,136.32 1 1
github.com/kevin07696/payment-service/internal/adapters/north/recurring_billing_adapter.go:136.32,138.3 1 0
github.com/kevin07696/payment-service/internal/adapters/north/recurring_billing_adapter.go:139.2,139.29 1 1
github.com/kevin07696/payment-service/internal/adapters/north/recurring_billing_adapter.go:139.29,146.3 1 0
github.com/kevin07696/payment-service/internal/adapters/north/recurring_billing_adapter.go:148.2,149.75 2 1
github.com/kevin07696/payment-service/internal/adapters/north/recurring_billing_adapter.go:149.75,151.3 1 0
github.com/kevin07696/payment-service/internal/adapters/north/recurring_billing_adapter.go:153.2,153.50 1 1
github.com/kevin07696/payment-service/internal/adapters/north/recurring_billing_adapter.go:153.50,156.3 2 0
github.com/kevin07696/payment-service/internal/adapters/north/recurring_billing_adapter.go:158.2,161.23 3 1
github.com/kevin07696/payment-service/internal/adapters/north/recurring_billing_adapter.go:161.23,163.3 1 1
github.com/kevin07696/payment-service/internal/adapters/north/recurring_billing_adapter.go:165.2,172.8 1 1
github.com/kevin07696/payment-service/internal/adapters/north/recurring_billing_adapter.go:176.149,185.76 4 1
github.com/kevin07696/payment-service/internal/adapters/north/recurring_billing_adapter.go:185.76,187.3 1 0
github.com/kevin07696/payment-service/internal/adapters/north/recurring_billing_adapter.go:189.2,194.8 1 1
github.com/kevin07696/payment-service/internal/adapters/north/recurring_billing_adapter.go:198.132,206.76 4 1
github.com/kevin07696/payment-service/internal/adapters/north/recurring_billing_adapter.go:206.76,208.3 1 0
github.com/kevin07696/payment-service/internal/adapters/north/recurring_billing_adapter.go:210.2,215.8 1 1
github.com/kevin07696/payment-service/internal/adapters/north/recurring_billing_adapter.go:219.133,227.76 4 1
github.com/kevin07696/payment-service/internal/adapters/north/recurring_billing_adapter.go:227.76,229.3 1 0
github.com/kevin07696/payment-service/internal/adapters/north/recurring_billing_adapter.go:231.2,239.8 2 1
github.com/kevin07696/payment-service/internal/adapters/north/recurring_billing_adapter.go:243.130,247.72 3 1
github.com/kevin07696/payment-service/internal/adapters/north/recurring_billing_adapter.go:247.72,249.3 1 0
github.com/kevin07696/payment-service/internal/adapters/north/recurring_billing_adapter.go:251.2,259.8 2 1
github.com/kevin07696/payment-service/internal/adapters/north/recurring_billing_adapter.go:263.130,267.76 3 1
github.com/kevin07696/payment-service/internal/adapters/north/recurring_billing_adapter.go:267.76,269.3 1 0
github.com/kevin07696/payment-service/internal/adapters/north/recurring_billing_adapter.go:271.2,272.32 2 1
github.com/kevin07696/payment-service/internal/adapters/north/recurring_billing_adapter.go:272.32,280.3 2 1
github.com/kevin07696/payment-service/internal/adapters/north/recurring_billing_adapter.go:282.2,282.21 1 1
github.com/kevin07696/payment-service/internal/adapters/north/recurring_billing_adapter.go:286.142,290.20 3 1
github.com/kevin07696/payment-service/internal/adapters/north/recurring_billing_adapter.go:290.20,292.17 2 1
github.com/kevin07696/payment-service/internal/adapters/north/recurring_billing_adapter.go:292.17,294.4 1 0
github.com/kevin07696/payment-service/internal/adapters/north/recurring_billing_adapter.go:295.8,297.3 1 1
github.com/kevin07696/payment-service/internal/adapters/north/recurring_billing_adapter.go:299.2,303.16 4 1
github.com/kevin07696/payment-service/internal/adapters/north/recurring_billing_adapter.go:303.16,305.3 1 0
github.com/kevin07696/payment-service/internal/adapters/north/recurring_billing_adapter.go:307.2,311.21 4 1
github.com/kevin07696/payment-service/internal/adapters/north/recurring_billing_adapter.go:311.21,316.3 1 1
github.com/kevin07696/payment-service/internal/adapters/north/recurring_billing_adapter.go:318.2,319.16 2 1
github.com/kevin07696/payment-service/internal/adapters/north/recurring_billing_adapter.go:319.16,321.3 1 1
github.com/kevin07696/payment-service/internal/adapters/north/recurring_billing_adapter.go:322.2,325.16 3 1
github.com/kevin07696/payment-service/internal/adapters/north/recurring_billing_adapter.go:325.16,327.3 1 0
github.com/kevin07696/payment-service/internal/adapters/north/recurring_billing_adapter.go:329.2,329.32 1 1
github.com/kevin07696/payment-service/internal/adapters/north/recurring_billing_adapter.go:329.32,331.3 1 0
github.com/kevin07696/payment-service/internal/adapters/north/recurring_billing_adapter.go:333.2,333.32 1 1
github.com/kevin07696/payment-service/internal/adapters/north/recurring_billing_adapter.go:333.32,335.3 1 0
github.com/kevin07696/payment-service/internal/adapters/north/recurring_billing_adapter.go:337.2,337.55 1 1
github.com/kevin07696/payment-service/internal/adapters/north/recurring_billing_adapter.go:337.55,339.3 1 0
github.com/kevin07696/payment-service/internal/adapters/north/recurring_billing_adapter.go:341.2,341.12 1 1
github.com/kevin07696/payment-service/internal/adapters/north/recurring_billing_adapter.go:346.61,347.14 1 1
github.com/kevin07696/payment-service/internal/adapters/north/recurring_billing_adapter.go:348.30,349.18 1 1
github.com/kevin07696/payment-service/internal/adapters/north/recurring_billing_adapter.go:350.32,351.20 1 1
github.com/kevin07696/payment-service/internal/adapters/north/recurring_billing_adapter.go:352.31,353.19 1 1
github.com/kevin07696/payment-service/internal/adapters/north/recurring_billing_adapter.go:354.30,355.18 1 1
github.com/kevin07696/payment-service/internal/adapters/north/recurring_billing_adapter.go:356.10,357.19 1 0
github.com/kevin07696/payment-service/internal/adapters/north/recurring_billing_adapter.go:361.61,362.13 1 1
github.com/kevin07696/payment-service/internal/adapters/north/recurring_billing_adapter.go:363.29,364.19 1 1
github.com/kevin07696/payment-service/internal/adapters/north/recurring_billing_adapter.go:365.26,366.16 1 1
github.com/kevin07696/payment-service/internal/adapters/north/recurring_billing_adapter.go:367.27,368.17 1 1
github.com/kevin07696/payment-service/internal/adapters/north/recurring_billing_adapter.go:369.10,370.19 1 0
github.com/kevin07696/payment-service/internal/adapters/north/recurring_billing_adapter.go:374.76,375.16 1 1
github.com/kevin07696/payment-service/internal/adapters/north/recurring_billing_adapter.go:376.16,377.32 1 1
github.com/kevin07696/payment-service/internal/adapters/north/recurring_billing_adapter.go:378.16,379.32 1 1
github.com/kevin07696/payment-service/internal/adapters/north/recurring_billing_adapter.go:380.19,381.35 1 1
github.com/kevin07696/payment-service/internal/adapters/north/recurring_billing_adapter.go:382.17,383.33 1 1
github.com/kevin07696/payment-service/internal/adapters/north/recurring_billing_adapter.go:384.10,385.32 1 0
github.com/kevin07696/payment-service/internal/adapters/north/response_codes.go:218.62,219.59 1 1
github.com/kevin07696/payment-service/internal/adapters/north/response_codes.go:219.59,221.3 1 1
github.com/kevin07696/payment-service/internal/adapters/north/response_codes.go:223.2,231.3 1 1
github.com/kevin07696/payment-service/internal/adapters/north/response_codes.go:235.55,236.52 1 1
github.com/kevin07696/payment-service/internal/adapters/north/response_codes.go:236.52,238.3 1 1
github.com/kevin07696/payment-service/internal/adapters/north/response_codes.go:240.2,248.3 1 0
github.com/kevin07696/payment-service/internal/adapters/north/response_codes.go:252.89,261.2 1 1
